0 info it worked if it ends with ok
1 verbose cli [ 'C:\\Program Files\\nodejs\\node.exe',
1 verbose cli   'C:\\Program Files\\nodejs\\node_modules\\npm\\bin\\npm-cli.js',
1 verbose cli   'i' ]
2 info using npm@3.10.3
3 info using node@v6.4.0
4 silly loadCurrentTree Starting
5 silly install loadCurrentTree
6 silly install readLocalPackageData
7 silly install normalizeTree
8 silly loadCurrentTree Finishing
9 silly loadIdealTree Starting
10 silly install loadIdealTree
11 silly cloneCurrentTree Starting
12 silly install cloneCurrentTreeToIdealTree
13 silly cloneCurrentTree Finishing
14 silly loadShrinkwrap Starting
15 silly install loadShrinkwrap
16 silly loadShrinkwrap Finishing
17 silly loadAllDepsIntoIdealTree Starting
18 silly install loadAllDepsIntoIdealTree
19 silly fetchOtherPackageData purejs-onepage-scroll@git+https://github.com/peachananr/purejs-onepage-scroll.git
20 silly cache add args [ 'purejs-onepage-scroll@git+https://github.com/peachananr/purejs-onepage-scroll.git',
20 silly cache add   null ]
21 verbose cache add spec purejs-onepage-scroll@git+https://github.com/peachananr/purejs-onepage-scroll.git
22 silly cache add parsed spec Result {
22 silly cache add   raw: 'purejs-onepage-scroll@git+https://github.com/peachananr/purejs-onepage-scroll.git',
22 silly cache add   scope: null,
22 silly cache add   escapedName: 'purejs-onepage-scroll',
22 silly cache add   name: 'purejs-onepage-scroll',
22 silly cache add   rawSpec: 'git+https://github.com/peachananr/purejs-onepage-scroll.git',
22 silly cache add   spec: 'git+https://github.com/peachananr/purejs-onepage-scroll.git',
22 silly cache add   type: 'hosted',
22 silly cache add   hosted:
22 silly cache add    { type: 'github',
22 silly cache add      ssh: 'git@github.com:peachananr/purejs-onepage-scroll.git',
22 silly cache add      sshUrl: 'git+ssh://git@github.com/peachananr/purejs-onepage-scroll.git',
22 silly cache add      httpsUrl: 'git+https://github.com/peachananr/purejs-onepage-scroll.git',
22 silly cache add      gitUrl: 'git://github.com/peachananr/purejs-onepage-scroll.git',
22 silly cache add      shortcut: 'github:peachananr/purejs-onepage-scroll',
22 silly cache add      directUrl: 'https://raw.githubusercontent.com/peachananr/purejs-onepage-scroll/master/package.json' } }
23 verbose addRemoteGit caching git+https://github.com/peachananr/purejs-onepage-scroll.git
24 verbose addRemoteGit git+https://github.com/peachananr/purejs-onepage-scroll.git is a repository hosted by github
25 silly tryClone cloning git+https://github.com/peachananr/purejs-onepage-scroll.git via git+https://github.com/peachananr/purejs-onepage-scroll.git
26 verbose tryClone git-https-github-com-peachananr-purejs-onepage-scroll-git-1b3edb2b not in flight; caching
27 verbose correctMkdir C:\Users\Макс\AppData\Roaming\npm-cache\_git-remotes correctMkdir not in flight; initializing
28 verbose makeDirectory C:\Users\Макс\AppData\Roaming\npm-cache\_git-remotes creation not in flight; initializing
29 verbose makeCacheDir UID & GID are irrelevant on win32
30 info git [ 'clone',
30 info git   '--template=C:\\Users\\Макс\\AppData\\Roaming\\npm-cache\\_git-remotes\\_templates',
30 info git   '--mirror',
30 info git   'https://github.com/peachananr/purejs-onepage-scroll.git',
30 info git   'C:\\Users\\Макс\\AppData\\Roaming\\npm-cache\\_git-remotes\\git-https-github-com-peachananr-purejs-onepage-scroll-git-1b3edb2b' ]
31 verbose mirrorRemote git+https://github.com/peachananr/purejs-onepage-scroll.git git clone https://github.com/peachananr/purejs-onepage-scroll.git
32 verbose setPermissions git+https://github.com/peachananr/purejs-onepage-scroll.git skipping chownr on Windows
33 verbose resolveHead git+https://github.com/peachananr/purejs-onepage-scroll.git original treeish: master
34 info git [ 'rev-list', '-n1', 'master' ]
35 silly resolveHead git+https://github.com/peachananr/purejs-onepage-scroll.git resolved treeish: c92566f4f703ed3823f5eabd0c76b43dc8b7a33a
36 verbose resolveHead git+https://github.com/peachananr/purejs-onepage-scroll.git resolved Git URL: git+https://github.com/peachananr/purejs-onepage-scroll.git#c92566f4f703ed3823f5eabd0c76b43dc8b7a33a
37 silly resolveHead Git working directory: C:\Temp\npm-5292-078a82bd\git-cache-e373b663\c92566f4f703ed3823f5eabd0c76b43dc8b7a33a
38 info git [ 'clone',
38 info git   'C:\\Users\\Макс\\AppData\\Roaming\\npm-cache\\_git-remotes\\git-https-github-com-peachananr-purejs-onepage-scroll-git-1b3edb2b',
38 info git   'C:\\Temp\\npm-5292-078a82bd\\git-cache-e373b663\\c92566f4f703ed3823f5eabd0c76b43dc8b7a33a' ]
39 verbose cloneResolved git+https://github.com/peachananr/purejs-onepage-scroll.git clone Cloning into 'C:\Temp\npm-5292-078a82bd\git-cache-e373b663\c92566f4f703ed3823f5eabd0c76b43dc8b7a33a'...
39 verbose cloneResolved done.
40 info git [ 'checkout', 'c92566f4f703ed3823f5eabd0c76b43dc8b7a33a' ]
41 verbose checkoutTreeish git+https://github.com/peachananr/purejs-onepage-scroll.git checkout Note: checking out 'c92566f4f703ed3823f5eabd0c76b43dc8b7a33a'.
41 verbose checkoutTreeish
41 verbose checkoutTreeish You are in 'detached HEAD' state. You can look around, make experimental
41 verbose checkoutTreeish changes and commit them, and you can discard any commits you make in this
41 verbose checkoutTreeish state without impacting any branches by performing another checkout.
41 verbose checkoutTreeish
41 verbose checkoutTreeish If you want to create a new branch to retain commits you create, you may
41 verbose checkoutTreeish do so (now or later) by using -b with the checkout command again. Example:
41 verbose checkoutTreeish
41 verbose checkoutTreeish   git checkout -b <new-branch-name>
41 verbose checkoutTreeish
41 verbose checkoutTreeish HEAD is now at c92566f... Update README.md
42 info git [ 'submodule', '-q', 'update', '--init', '--recursive' ]
43 verbose updateSubmodules git+https://github.com/peachananr/purejs-onepage-scroll.git submodule update
44 error addLocal Could not install C:\Temp\npm-5292-078a82bd\git-cache-e373b663\c92566f4f703ed3823f5eabd0c76b43dc8b7a33a
45 silly fetchPackageMetaData Error: EISDIR: illegal operation on a directory, read
45 silly fetchPackageMetaData     at Error (native)
45 silly fetchPackageMetaData  error for purejs-onepage-scroll@git+https://github.com/peachananr/purejs-onepage-scroll.git { Error: EISDIR: illegal operation on a directory, read
45 silly fetchPackageMetaData     at Error (native) errno: -4068, code: 'EISDIR', syscall: 'read' }
46 silly rollbackFailedOptional Starting
47 silly rollbackFailedOptional Finishing
48 silly runTopLevelLifecycles Starting
49 silly runTopLevelLifecycles Finishing
50 silly install printInstalled
51 verbose stack Error: EISDIR: illegal operation on a directory, read
51 verbose stack     at Error (native)
52 verbose cwd C:\Users\Макс\Desktop\creative
53 error Windows_NT 6.1.7601
54 error argv "C:\\Program Files\\nodejs\\node.exe" "C:\\Program Files\\nodejs\\node_modules\\npm\\bin\\npm-cli.js" "i"
55 error node v6.4.0
56 error npm  v3.10.3
57 error code EISDIR
58 error errno -4068
59 error syscall read
60 error eisdir EISDIR: illegal operation on a directory, read
61 error eisdir This is most likely not a problem with npm itself
61 error eisdir and is related to npm not being able to find a package.json in
61 error eisdir a package you are trying to install.
62 verbose exit [ -4068, true ]
